mode: set
github.com/slaskis/es-orders/customer_service.go:15.80,17.2 1 1
github.com/slaskis/es-orders/customer_service.go:19.125,21.16 2 0
github.com/slaskis/es-orders/customer_service.go:25.2,28.16 2 0
github.com/slaskis/es-orders/customer_service.go:32.2,32.77 1 0
github.com/slaskis/es-orders/customer_service.go:21.16,23.3 1 0
github.com/slaskis/es-orders/customer_service.go:28.16,30.3 1 0
github.com/slaskis/es-orders/customer_service.go:35.119,37.16 2 1
github.com/slaskis/es-orders/customer_service.go:40.2,42.55 2 1
github.com/slaskis/es-orders/customer_service.go:37.16,39.3 1 0
github.com/slaskis/es-orders/main.go:26.13,38.16 8 0
github.com/slaskis/es-orders/main.go:42.2,58.16 7 0
github.com/slaskis/es-orders/main.go:38.16,40.3 1 0
github.com/slaskis/es-orders/main.go:58.16,60.3 1 0
github.com/slaskis/es-orders/main.go:63.34,65.71 1 1
github.com/slaskis/es-orders/main.go:65.71,71.4 5 1
github.com/slaskis/es-orders/main.go:75.87,80.2 1 1
github.com/slaskis/es-orders/main.go:82.88,84.58 2 1
github.com/slaskis/es-orders/main.go:84.58,85.66 1 1
github.com/slaskis/es-orders/main.go:85.66,87.4 1 1
github.com/slaskis/es-orders/main.go:87.4,87.76 1 1
github.com/slaskis/es-orders/main.go:87.76,89.4 1 1
github.com/slaskis/es-orders/main.go:89.4,91.4 1 0
github.com/slaskis/es-orders/order_service.go:16.106,18.2 1 1
github.com/slaskis/es-orders/order_service.go:20.110,22.16 2 1
github.com/slaskis/es-orders/order_service.go:26.2,29.16 2 1
github.com/slaskis/es-orders/order_service.go:33.2,33.30 1 1
github.com/slaskis/es-orders/order_service.go:51.2,51.68 1 1
github.com/slaskis/es-orders/order_service.go:22.16,24.3 1 0
github.com/slaskis/es-orders/order_service.go:29.16,31.3 1 0
github.com/slaskis/es-orders/order_service.go:33.30,35.17 2 1
github.com/slaskis/es-orders/order_service.go:38.3,46.17 2 1
github.com/slaskis/es-orders/order_service.go:35.17,37.4 1 0
github.com/slaskis/es-orders/order_service.go:46.17,48.4 1 0
github.com/slaskis/es-orders/order_service.go:53.115,55.16 2 1
github.com/slaskis/es-orders/order_service.go:58.2,63.16 2 1
github.com/slaskis/es-orders/order_service.go:68.2,69.28 2 1
github.com/slaskis/es-orders/order_service.go:95.2,95.58 1 1
github.com/slaskis/es-orders/order_service.go:55.16,57.3 1 0
github.com/slaskis/es-orders/order_service.go:63.16,65.3 1 0
github.com/slaskis/es-orders/order_service.go:69.28,71.17 2 1
github.com/slaskis/es-orders/order_service.go:74.3,78.17 2 1
github.com/slaskis/es-orders/order_service.go:81.3,85.17 2 1
github.com/slaskis/es-orders/order_service.go:71.17,73.4 1 0
github.com/slaskis/es-orders/order_service.go:78.17,80.4 1 0
github.com/slaskis/es-orders/order_service.go:85.17,87.4 1 0
github.com/slaskis/es-orders/order_service.go:97.113,99.16 2 1
github.com/slaskis/es-orders/order_service.go:102.2,107.16 2 1
github.com/slaskis/es-orders/order_service.go:110.2,110.58 1 0
github.com/slaskis/es-orders/order_service.go:99.16,101.3 1 0
github.com/slaskis/es-orders/order_service.go:107.16,109.3 1 1
github.com/slaskis/es-orders/order_service.go:112.110,114.16 2 0
github.com/slaskis/es-orders/order_service.go:117.2,118.16 2 0
github.com/slaskis/es-orders/order_service.go:121.2,129.16 2 0
github.com/slaskis/es-orders/order_service.go:132.2,132.63 1 0
github.com/slaskis/es-orders/order_service.go:114.16,116.3 1 0
github.com/slaskis/es-orders/order_service.go:118.16,120.3 1 0
github.com/slaskis/es-orders/order_service.go:129.16,131.3 1 0
github.com/slaskis/es-orders/order_service.go:134.116,136.16 2 1
github.com/slaskis/es-orders/order_service.go:139.2,143.16 2 1
github.com/slaskis/es-orders/order_service.go:146.2,146.63 1 1
github.com/slaskis/es-orders/order_service.go:136.16,138.3 1 0
github.com/slaskis/es-orders/order_service.go:143.16,145.3 1 0
github.com/slaskis/es-orders/order_service.go:148.107,150.16 2 1
github.com/slaskis/es-orders/order_service.go:153.2,153.57 1 1
github.com/slaskis/es-orders/order_service.go:150.16,152.3 1 0
